# JRE version: Java(TM) SE Runtime Environment 18.9 (11.0.7+8) (build 11.0.7+8-LTS)
# Java VM: Java HotSpot(TM) 64-Bit Server VM 18.9 (11.0.7+8-LTS, mixed mode, tiered, compressed oops, g1 gc, windows-amd64)
Heap:
 garbage-first heap   total 78848K, used 11754K [0x00000000c0000000, 0x0000000100000000)
  region size 1024K, 4 young (4096K), 4 survivors (4096K)
 Metaspace       used 27585K, capacity 28620K, committed 28848K, reserved 1075200K
  class space    used 3353K, capacity 3756K, committed 3840K, reserved 1048576K
GC Heap History (10 events):
Event: 3.065 GC heap after
{Heap after GC invocations=3 (full 0):
 garbage-first heap   total 65536K, used 6989K [0x00000000c0000000, 0x0000000100000000)
  region size 1024K, 2 young (2048K), 2 survivors (2048K)
 Metaspace       used 14448K, capacity 14926K, committed 15104K, reserved 1062912K
  class space    used 1538K, capacity 1727K, committed 1792K, reserved 1048576K
}
Event: 3.539 GC heap before
{Heap before GC invocations=3 (full 0):
 garbage-first heap   total 65536K, used 20301K [0x00000000c0000000, 0x0000000100000000)
  region size 1024K, 15 young (15360K), 2 survivors (2048K)
 Metaspace       used 17631K, capacity 18185K, committed 18304K, reserved 1064960K
  class space    used 1931K, capacity 2131K, committed 2176K, reserved 1048576K
}
Event: 3.548 GC heap after
{Heap after GC invocations=4 (full 0):
 garbage-first heap   total 65536K, used 8328K [0x00000000c0000000, 0x0000000100000000)
  region size 1024K, 2 young (2048K), 2 survivors (2048K)
 Metaspace       used 17631K, capacity 18185K, committed 18304K, reserved 1064960K
  class space    used 1931K, capacity 2131K, committed 2176K, reserved 1048576K
}
Event: 3.975 GC heap before
{Heap before GC invocations=4 (full 0):
 garbage-first heap   total 65536K, used 22664K [0x00000000c0000000, 0x0000000100000000)
  region size 1024K, 18 young (18432K), 2 survivors (2048K)
 Metaspace       used 20453K, capacity 21097K, committed 21296K, reserved 1069056K
  class space    used 2340K, capacity 2593K, committed 2688K, reserved 1048576K
}
Event: 3.983 GC heap after
{Heap after GC invocations=5 (full 0):
 garbage-first heap   total 65536K, used 8779K [0x00000000c0000000, 0x0000000100000000)
  region size 1024K, 2 young (2048K), 2 survivors (2048K)
 Metaspace       used 20453K, capacity 21097K, committed 21296K, reserved 1069056K
  class space    used 2340K, capacity 2593K, committed 2688K, reserved 1048576K
}
Event: 5.114 GC heap before
{Heap before GC invocations=6 (full 0):
 garbage-first heap   total 65536K, used 39499K [0x00000000c0000000, 0x0000000100000000)
  region size 1024K, 33 young (33792K), 2 survivors (2048K)
 Metaspace       used 24084K, capacity 24921K, committed 25136K, reserved 1071104K
  class space    used 2850K, capacity 3191K, committed 3200K, reserved 1048576K
}
Event: 5.123 GC heap after
{Heap after GC invocations=7 (full 0):
 garbage-first heap   total 65536K, used 9914K [0x00000000c0000000, 0x0000000100000000)
  region size 1024K, 3 young (3072K), 3 survivors (3072K)
 Metaspace       used 24084K, capacity 24921K, committed 25136K, reserved 1071104K
  class space    used 2850K, capacity 3191K, committed 3200K, reserved 1048576K
}
Event: 5.465 GC heap before
{Heap before GC invocations=7 (full 0):
 garbage-first heap   total 65536K, used 42682K [0x00000000c0000000, 0x0000000100000000)
  region size 1024K, 36 young (36864K), 3 survivors (3072K)
 Metaspace       used 24786K, capacity 25593K, committed 25776K, reserved 1071104K
  class space    used 2930K, capacity 3266K, committed 3328K, reserved 1048576K
}
Event: 5.476 GC heap after
{Heap after GC invocations=8 (full 0):
 garbage-first heap   total 65536K, used 10773K [0x00000000c0000000, 0x0000000100000000)
  region size 1024K, 3 young (3072K), 3 survivors (3072K)
 Metaspace       used 24786K, capacity 25593K, committed 25776K, reserved 1071104K
  class space    used 2930K, capacity 3266K, committed 3328K, reserved 1048576K
}
Event: 6.788 GC heap before
{Heap before GC invocations=8 (full 0):
 garbage-first heap   total 65536K, used 44565K [0x00000000c0000000, 0x0000000100000000)
  region size 1024K, 36 young (36864K), 3 survivors (3072K)
 Metaspace       used 27585K, capacity 28620K, committed 28848K, reserved 1075200K
  class space    used 3353K, capacity 3756K, committed 3840K, reserved 1048576K
}

